  AskForItem.cpp
F:\Jocs\Proyectos\Half-Sword-QOL-Mod\SDK\Basic.hpp(1149,9): warning C4099: 'SDK::FProperty': nombre de tipo visto anteriormente usando 'class' ahora se ve usando 'struct'
  (compilando archivo de origen "AskForItem.cpp")
      F:\Jocs\Proyectos\Half-Sword-QOL-Mod\SDK\Basic.hpp(1065,7):
      vea la declaración de 'SDK::FProperty'
  
F:\Jocs\Proyectos\Half-Sword-QOL-Mod\SDK\Basic.hpp(1171,9): warning C4099: 'SDK::FProperty': nombre de tipo visto anteriormente usando 'class' ahora se ve usando 'struct'
  (compilando archivo de origen "AskForItem.cpp")
      F:\Jocs\Proyectos\Half-Sword-QOL-Mod\SDK\Basic.hpp(1065,7):
      vea la declaración de 'SDK::FProperty'
  
F:\Jocs\Proyectos\Half-Sword-QOL-Mod\SDK\Basic.hpp(1172,9): warning C4099: 'SDK::FProperty': nombre de tipo visto anteriormente usando 'class' ahora se ve usando 'struct'
  (compilando archivo de origen "AskForItem.cpp")
      F:\Jocs\Proyectos\Half-Sword-QOL-Mod\SDK\Basic.hpp(1065,7):
      vea la declaración de 'SDK::FProperty'
  
F:\Jocs\Proyectos\Half-Sword-QOL-Mod\SDK\Basic.hpp(1184,9): warning C4099: 'SDK::FProperty': nombre de tipo visto anteriormente usando 'class' ahora se ve usando 'struct'
  (compilando archivo de origen "AskForItem.cpp")
      F:\Jocs\Proyectos\Half-Sword-QOL-Mod\SDK\Basic.hpp(1065,7):
      vea la declaración de 'SDK::FProperty'
  
F:\Jocs\Proyectos\Half-Sword-QOL-Mod\SDK\Basic.hpp(1195,9): warning C4099: 'SDK::FProperty': nombre de tipo visto anteriormente usando 'class' ahora se ve usando 'struct'
  (compilando archivo de origen "AskForItem.cpp")
      F:\Jocs\Proyectos\Half-Sword-QOL-Mod\SDK\Basic.hpp(1065,7):
      vea la declaración de 'SDK::FProperty'
  
F:\Jocs\Proyectos\Half-Sword-QOL-Mod\SDK\Basic.hpp(1219,9): warning C4099: 'SDK::FProperty': nombre de tipo visto anteriormente usando 'class' ahora se ve usando 'struct'
  (compilando archivo de origen "AskForItem.cpp")
      F:\Jocs\Proyectos\Half-Sword-QOL-Mod\SDK\Basic.hpp(1065,7):
      vea la declaración de 'SDK::FProperty'
  
F:\Jocs\Proyectos\Half-Sword-QOL-Mod\SDK\CoreUObject_structs.hpp(553,21): warning C4244: 'argumento': conversión de 'SDK::FVector::UnderlayingType' a 'float'; posible pérdida de datos
  (compilando archivo de origen "AskForItem.cpp")
  
F:\Jocs\Proyectos\Half-Sword-QOL-Mod\SDK\CoreUObject_structs.hpp(602,27): warning C4244: 'argumento': conversión de 'SDK::FVector::UnderlayingType' a 'float'; posible pérdida de datos
  (compilando archivo de origen "AskForItem.cpp")
  
F:\Jocs\Proyectos\Half-Sword-QOL-Mod\SDK\IrisCore_structs.hpp(256,20): warning C4099: 'SDK::FArrayProperty': nombre de tipo visto anteriormente usando 'class' ahora se ve usando 'struct'
  (compilando archivo de origen "AskForItem.cpp")
      F:\Jocs\Proyectos\Half-Sword-QOL-Mod\SDK\Basic.hpp(1145,7):
      vea la declaración de 'SDK::FArrayProperty'
  
F:\Jocs\Proyectos\Half-Sword-QOL-Mod\SDK\IrisCore_structs.hpp(270,20): warning C4099: 'SDK::FProperty': nombre de tipo visto anteriormente usando 'class' ahora se ve usando 'struct'
  (compilando archivo de origen "AskForItem.cpp")
      F:\Jocs\Proyectos\Half-Sword-QOL-Mod\SDK\Basic.hpp(1065,7):
      vea la declaración de 'SDK::FProperty'
  
F:\Jocs\Proyectos\Half-Sword-QOL-Mod\SDK\IrisCore_structs.hpp(308,20): warning C4099: 'SDK::FProperty': nombre de tipo visto anteriormente usando 'class' ahora se ve usando 'struct'
  (compilando archivo de origen "AskForItem.cpp")
      F:\Jocs\Proyectos\Half-Sword-QOL-Mod\SDK\Basic.hpp(1065,7):
      vea la declaración de 'SDK::FProperty'
  
F:\Jocs\Proyectos\Half-Sword-QOL-Mod\SDK\Engine_structs.hpp(3646,2): warning C4309: 'inicializando': truncamiento de valor constante
  (compilando archivo de origen "AskForItem.cpp")
  
F:\Jocs\Proyectos\Half-Sword-QOL-Mod\SDK\Engine_structs.hpp(3646,2): warning C4369: 'SDK::ESoundWaveLoadingBehavior::ESoundWaveLoadingBehavior_MAX':  el valor del enumerador '256' no se puede representar como 'unsigned char'; el valor es '256'
  (compilando archivo de origen "AskForItem.cpp")
  
F:\Jocs\Proyectos\Half-Sword-QOL-Mod\SDK\Engine_structs.hpp(6075,2): warning C4309: 'inicializando': truncamiento de valor constante
  (compilando archivo de origen "AskForItem.cpp")
  
F:\Jocs\Proyectos\Half-Sword-QOL-Mod\SDK\Engine_structs.hpp(6075,2): warning C4369: 'SDK::ESkinCacheUsage::ESkinCacheUsage_MAX':  el valor del enumerador '256' no se puede representar como 'unsigned char'; el valor es '256'
  (compilando archivo de origen "AskForItem.cpp")
  
F:\Jocs\Proyectos\Half-Sword-QOL-Mod\SDK\Engine_structs.hpp(6299,2): warning C4309: 'inicializando': truncamiento de valor constante
  (compilando archivo de origen "AskForItem.cpp")
  
F:\Jocs\Proyectos\Half-Sword-QOL-Mod\SDK\Engine_structs.hpp(6299,2): warning C4369: 'SDK::ETextureEncodeSpeedOverride::ETextureEncodeSpeedOverride_MAX':  el valor del enumerador '256' no se puede representar como 'unsigned char'; el valor es '256'
  (compilando archivo de origen "AskForItem.cpp")
  
F:\Jocs\Proyectos\Half-Sword-QOL-Mod\SDK\Engine_structs.hpp(6534,2): warning C4309: 'inicializando': truncamiento de valor constante
  (compilando archivo de origen "AskForItem.cpp")
  
F:\Jocs\Proyectos\Half-Sword-QOL-Mod\SDK\Engine_structs.hpp(6534,2): warning C4369: 'SDK::EStreamingSourcePriority::EStreamingSourcePriority_MAX':  el valor del enumerador '256' no se puede representar como 'unsigned char'; el valor es '256'
  (compilando archivo de origen "AskForItem.cpp")
  
F:\Jocs\Proyectos\Half-Sword-QOL-Mod\SDK\Engine_structs.hpp(13865,20): warning C4099: 'SDK::FProperty': nombre de tipo visto anteriormente usando 'class' ahora se ve usando 'struct'
  (compilando archivo de origen "AskForItem.cpp")
      F:\Jocs\Proyectos\Half-Sword-QOL-Mod\SDK\Basic.hpp(1065,7):
      vea la declaración de 'SDK::FProperty'
  
F:\Jocs\Proyectos\Half-Sword-QOL-Mod\SDK\Engine_structs.hpp(21604,20): warning C4099: 'SDK::FProperty': nombre de tipo visto anteriormente usando 'class' ahora se ve usando 'struct'
  (compilando archivo de origen "AskForItem.cpp")
      F:\Jocs\Proyectos\Half-Sword-QOL-Mod\SDK\Basic.hpp(1065,7):
      vea la declaración de 'SDK::FProperty'
  
F:\Jocs\Proyectos\Half-Sword-QOL-Mod\SDK\Engine_structs.hpp(21630,20): warning C4099: 'SDK::FProperty': nombre de tipo visto anteriormente usando 'class' ahora se ve usando 'struct'
  (compilando archivo de origen "AskForItem.cpp")
      F:\Jocs\Proyectos\Half-Sword-QOL-Mod\SDK\Basic.hpp(1065,7):
      vea la declaración de 'SDK::FProperty'
  
F:\Jocs\Proyectos\Half-Sword-QOL-Mod\SDK\Engine_classes.hpp(34688,114): warning C4099: 'SDK::FField': nombre de tipo visto anteriormente usando 'class' ahora se ve usando 'struct'
  (compilando archivo de origen "AskForItem.cpp")
      F:\Jocs\Proyectos\Half-Sword-QOL-Mod\SDK\Basic.hpp(1044,7):
      vea la declaración de 'SDK::FField'
  
F:\Jocs\Proyectos\Half-Sword-QOL-Mod\SDK\HeadMountedDisplay_structs.hpp(102,2): warning C4309: 'inicializando': truncamiento de valor constante
  (compilando archivo de origen "AskForItem.cpp")
  
F:\Jocs\Proyectos\Half-Sword-QOL-Mod\SDK\HeadMountedDisplay_structs.hpp(102,2): warning C4369: 'SDK::EXRTrackedDeviceType::EXRTrackedDeviceType_MAX':  el valor del enumerador '256' no se puede representar como 'unsigned char'; el valor es '256'
  (compilando archivo de origen "AskForItem.cpp")
  
F:\Jocs\Proyectos\Half-Sword-QOL-Mod\SDK\MovieScene_structs.hpp(1711,20): warning C4099: 'SDK::FProperty': nombre de tipo visto anteriormente usando 'class' ahora se ve usando 'struct'
  (compilando archivo de origen "AskForItem.cpp")
      F:\Jocs\Proyectos\Half-Sword-QOL-Mod\SDK\Basic.hpp(1065,7):
      vea la declaración de 'SDK::FProperty'
  
F:\Jocs\Proyectos\Half-Sword-QOL-Mod\SDK\MovieSceneTracks_structs.hpp(169,20): warning C4099: 'SDK::FProperty': nombre de tipo visto anteriormente usando 'class' ahora se ve usando 'struct'
  (compilando archivo de origen "AskForItem.cpp")
      F:\Jocs\Proyectos\Half-Sword-QOL-Mod\SDK\Basic.hpp(1065,7):
      vea la declaración de 'SDK::FProperty'
  
F:\Jocs\Proyectos\Half-Sword-QOL-Mod\SDK\GeometryFramework_structs.hpp(25,2): warning C4309: 'inicializando': truncamiento de valor constante
  (compilando archivo de origen "AskForItem.cpp")
  
F:\Jocs\Proyectos\Half-Sword-QOL-Mod\SDK\GeometryFramework_structs.hpp(25,2): warning C4369: 'SDK::EDynamicMeshComponentTangentsMode::EDynamicMeshComponentTangentsMode_MAX':  el valor del enumerador '256' no se puede representar como 'unsigned char'; el valor es '256'
  (compilando archivo de origen "AskForItem.cpp")
  
F:\Jocs\Proyectos\Half-Sword-QOL-Mod\SDK\ControlRig_structs.hpp(43,2): warning C4309: 'inicializando': truncamiento de valor constante
  (compilando archivo de origen "AskForItem.cpp")
  
F:\Jocs\Proyectos\Half-Sword-QOL-Mod\SDK\ControlRig_structs.hpp(43,2): warning C4369: 'SDK::ERigElementType::ERigElementType_MAX':  el valor del enumerador '256' no se puede representar como 'unsigned char'; el valor es '256'
  (compilando archivo de origen "AskForItem.cpp")
  
F:\Jocs\Proyectos\Half-Sword-QOL-Mod\SDK\VariantManagerContent_classes.hpp(106,27): warning C4099: 'SDK::FProperty': nombre de tipo visto anteriormente usando 'class' ahora se ve usando 'struct'
  (compilando archivo de origen "AskForItem.cpp")
      F:\Jocs\Proyectos\Half-Sword-QOL-Mod\SDK\Basic.hpp(1065,7):
      vea la declaración de 'SDK::FProperty'
  
F:\Jocs\Proyectos\Half-Sword-QOL-Mod\SDK\Niagara_structs.hpp(797,2): warning C4309: 'inicializando': truncamiento de valor constante
  (compilando archivo de origen "AskForItem.cpp")
  
F:\Jocs\Proyectos\Half-Sword-QOL-Mod\SDK\Niagara_structs.hpp(797,2): warning C4369: 'SDK::ENDISkeletalMesh_SkinningMode::ENDISkeletalMesh_MAX':  el valor del enumerador '256' no se puede representar como 'unsigned char'; el valor es '256'
  (compilando archivo de origen "AskForItem.cpp")
  
F:\Jocs\Proyectos\Half-Sword-QOL-Mod\SDK\Engine_parameters.hpp(53814,20): warning C4099: 'SDK::FField': nombre de tipo visto anteriormente usando 'class' ahora se ve usando 'struct'
  (compilando archivo de origen "AskForItem.cpp")
      F:\Jocs\Proyectos\Half-Sword-QOL-Mod\SDK\Basic.hpp(1044,7):
      vea la declaración de 'SDK::FField'
  
F:\Jocs\Proyectos\Half-Sword-QOL-Mod\AskForItem.cpp(59,63): warning C4003: no hay suficientes argumentos para la invocación de macro "max" de tipo función
F:\Jocs\Proyectos\Half-Sword-QOL-Mod\AskForItem.cpp(59,63): error C2589: '(': símbolo (token) no válido en el lado derecho de '::'
F:\Jocs\Proyectos\Half-Sword-QOL-Mod\AskForItem.cpp(59,63): error C2059: error de sintaxis: ')'
F:\Jocs\Proyectos\Half-Sword-QOL-Mod\AskForItem.cpp(59,74): error C2059: error de sintaxis: ')'
  Main.cpp
F:\Jocs\Proyectos\Half-Sword-QOL-Mod\SDK\Basic.hpp(1149,9): warning C4099: 'SDK::FProperty': nombre de tipo visto anteriormente usando 'class' ahora se ve usando 'struct'
  (compilando archivo de origen "Main.cpp")
      F:\Jocs\Proyectos\Half-Sword-QOL-Mod\SDK\Basic.hpp(1065,7):
      vea la declaración de 'SDK::FProperty'
  
F:\Jocs\Proyectos\Half-Sword-QOL-Mod\SDK\Basic.hpp(1171,9): warning C4099: 'SDK::FProperty': nombre de tipo visto anteriormente usando 'class' ahora se ve usando 'struct'
  (compilando archivo de origen "Main.cpp")
      F:\Jocs\Proyectos\Half-Sword-QOL-Mod\SDK\Basic.hpp(1065,7):
      vea la declaración de 'SDK::FProperty'
  
F:\Jocs\Proyectos\Half-Sword-QOL-Mod\SDK\Basic.hpp(1172,9): warning C4099: 'SDK::FProperty': nombre de tipo visto anteriormente usando 'class' ahora se ve usando 'struct'
  (compilando archivo de origen "Main.cpp")
      F:\Jocs\Proyectos\Half-Sword-QOL-Mod\SDK\Basic.hpp(1065,7):
      vea la declaración de 'SDK::FProperty'
  
F:\Jocs\Proyectos\Half-Sword-QOL-Mod\SDK\Basic.hpp(1184,9): warning C4099: 'SDK::FProperty': nombre de tipo visto anteriormente usando 'class' ahora se ve usando 'struct'
  (compilando archivo de origen "Main.cpp")
      F:\Jocs\Proyectos\Half-Sword-QOL-Mod\SDK\Basic.hpp(1065,7):
      vea la declaración de 'SDK::FProperty'
  
F:\Jocs\Proyectos\Half-Sword-QOL-Mod\SDK\Basic.hpp(1195,9): warning C4099: 'SDK::FProperty': nombre de tipo visto anteriormente usando 'class' ahora se ve usando 'struct'
  (compilando archivo de origen "Main.cpp")
      F:\Jocs\Proyectos\Half-Sword-QOL-Mod\SDK\Basic.hpp(1065,7):
      vea la declaración de 'SDK::FProperty'
  
F:\Jocs\Proyectos\Half-Sword-QOL-Mod\SDK\Basic.hpp(1219,9): warning C4099: 'SDK::FProperty': nombre de tipo visto anteriormente usando 'class' ahora se ve usando 'struct'
  (compilando archivo de origen "Main.cpp")
      F:\Jocs\Proyectos\Half-Sword-QOL-Mod\SDK\Basic.hpp(1065,7):
      vea la declaración de 'SDK::FProperty'
  
F:\Jocs\Proyectos\Half-Sword-QOL-Mod\SDK\CoreUObject_structs.hpp(553,21): warning C4244: 'argumento': conversión de 'SDK::FVector::UnderlayingType' a 'float'; posible pérdida de datos
  (compilando archivo de origen "Main.cpp")
  
F:\Jocs\Proyectos\Half-Sword-QOL-Mod\SDK\CoreUObject_structs.hpp(602,27): warning C4244: 'argumento': conversión de 'SDK::FVector::UnderlayingType' a 'float'; posible pérdida de datos
  (compilando archivo de origen "Main.cpp")
  
F:\Jocs\Proyectos\Half-Sword-QOL-Mod\SDK\IrisCore_structs.hpp(256,20): warning C4099: 'SDK::FArrayProperty': nombre de tipo visto anteriormente usando 'class' ahora se ve usando 'struct'
  (compilando archivo de origen "Main.cpp")
      F:\Jocs\Proyectos\Half-Sword-QOL-Mod\SDK\Basic.hpp(1145,7):
      vea la declaración de 'SDK::FArrayProperty'
  
F:\Jocs\Proyectos\Half-Sword-QOL-Mod\SDK\IrisCore_structs.hpp(270,20): warning C4099: 'SDK::FProperty': nombre de tipo visto anteriormente usando 'class' ahora se ve usando 'struct'
  (compilando archivo de origen "Main.cpp")
      F:\Jocs\Proyectos\Half-Sword-QOL-Mod\SDK\Basic.hpp(1065,7):
      vea la declaración de 'SDK::FProperty'
  
F:\Jocs\Proyectos\Half-Sword-QOL-Mod\SDK\IrisCore_structs.hpp(308,20): warning C4099: 'SDK::FProperty': nombre de tipo visto anteriormente usando 'class' ahora se ve usando 'struct'
  (compilando archivo de origen "Main.cpp")
      F:\Jocs\Proyectos\Half-Sword-QOL-Mod\SDK\Basic.hpp(1065,7):
      vea la declaración de 'SDK::FProperty'
  
F:\Jocs\Proyectos\Half-Sword-QOL-Mod\SDK\Engine_structs.hpp(3646,2): warning C4309: 'inicializando': truncamiento de valor constante
  (compilando archivo de origen "Main.cpp")
  
F:\Jocs\Proyectos\Half-Sword-QOL-Mod\SDK\Engine_structs.hpp(3646,2): warning C4369: 'SDK::ESoundWaveLoadingBehavior::ESoundWaveLoadingBehavior_MAX':  el valor del enumerador '256' no se puede representar como 'unsigned char'; el valor es '256'
  (compilando archivo de origen "Main.cpp")
  
F:\Jocs\Proyectos\Half-Sword-QOL-Mod\SDK\Engine_structs.hpp(6075,2): warning C4309: 'inicializando': truncamiento de valor constante
  (compilando archivo de origen "Main.cpp")
  
F:\Jocs\Proyectos\Half-Sword-QOL-Mod\SDK\Engine_structs.hpp(6075,2): warning C4369: 'SDK::ESkinCacheUsage::ESkinCacheUsage_MAX':  el valor del enumerador '256' no se puede representar como 'unsigned char'; el valor es '256'
  (compilando archivo de origen "Main.cpp")
  
F:\Jocs\Proyectos\Half-Sword-QOL-Mod\SDK\Engine_structs.hpp(6299,2): warning C4309: 'inicializando': truncamiento de valor constante
  (compilando archivo de origen "Main.cpp")
  
F:\Jocs\Proyectos\Half-Sword-QOL-Mod\SDK\Engine_structs.hpp(6299,2): warning C4369: 'SDK::ETextureEncodeSpeedOverride::ETextureEncodeSpeedOverride_MAX':  el valor del enumerador '256' no se puede representar como 'unsigned char'; el valor es '256'
  (compilando archivo de origen "Main.cpp")
  
F:\Jocs\Proyectos\Half-Sword-QOL-Mod\SDK\Engine_structs.hpp(6534,2): warning C4309: 'inicializando': truncamiento de valor constante
  (compilando archivo de origen "Main.cpp")
  
F:\Jocs\Proyectos\Half-Sword-QOL-Mod\SDK\Engine_structs.hpp(6534,2): warning C4369: 'SDK::EStreamingSourcePriority::EStreamingSourcePriority_MAX':  el valor del enumerador '256' no se puede representar como 'unsigned char'; el valor es '256'
  (compilando archivo de origen "Main.cpp")
  
F:\Jocs\Proyectos\Half-Sword-QOL-Mod\SDK\Engine_structs.hpp(13865,20): warning C4099: 'SDK::FProperty': nombre de tipo visto anteriormente usando 'class' ahora se ve usando 'struct'
  (compilando archivo de origen "Main.cpp")
      F:\Jocs\Proyectos\Half-Sword-QOL-Mod\SDK\Basic.hpp(1065,7):
      vea la declaración de 'SDK::FProperty'
  
F:\Jocs\Proyectos\Half-Sword-QOL-Mod\SDK\Engine_structs.hpp(21604,20): warning C4099: 'SDK::FProperty': nombre de tipo visto anteriormente usando 'class' ahora se ve usando 'struct'
  (compilando archivo de origen "Main.cpp")
      F:\Jocs\Proyectos\Half-Sword-QOL-Mod\SDK\Basic.hpp(1065,7):
      vea la declaración de 'SDK::FProperty'
  
F:\Jocs\Proyectos\Half-Sword-QOL-Mod\SDK\Engine_structs.hpp(21630,20): warning C4099: 'SDK::FProperty': nombre de tipo visto anteriormente usando 'class' ahora se ve usando 'struct'
  (compilando archivo de origen "Main.cpp")
      F:\Jocs\Proyectos\Half-Sword-QOL-Mod\SDK\Basic.hpp(1065,7):
      vea la declaración de 'SDK::FProperty'
  
F:\Jocs\Proyectos\Half-Sword-QOL-Mod\SDK\Engine_classes.hpp(34688,114): warning C4099: 'SDK::FField': nombre de tipo visto anteriormente usando 'class' ahora se ve usando 'struct'
  (compilando archivo de origen "Main.cpp")
      F:\Jocs\Proyectos\Half-Sword-QOL-Mod\SDK\Basic.hpp(1044,7):
      vea la declaración de 'SDK::FField'
  
F:\Jocs\Proyectos\Half-Sword-QOL-Mod\SDK\HeadMountedDisplay_structs.hpp(102,2): warning C4309: 'inicializando': truncamiento de valor constante
  (compilando archivo de origen "Main.cpp")
  
F:\Jocs\Proyectos\Half-Sword-QOL-Mod\SDK\HeadMountedDisplay_structs.hpp(102,2): warning C4369: 'SDK::EXRTrackedDeviceType::EXRTrackedDeviceType_MAX':  el valor del enumerador '256' no se puede representar como 'unsigned char'; el valor es '256'
  (compilando archivo de origen "Main.cpp")
  
F:\Jocs\Proyectos\Half-Sword-QOL-Mod\SDK\MovieScene_structs.hpp(1711,20): warning C4099: 'SDK::FProperty': nombre de tipo visto anteriormente usando 'class' ahora se ve usando 'struct'
  (compilando archivo de origen "Main.cpp")
      F:\Jocs\Proyectos\Half-Sword-QOL-Mod\SDK\Basic.hpp(1065,7):
      vea la declaración de 'SDK::FProperty'
  
F:\Jocs\Proyectos\Half-Sword-QOL-Mod\SDK\MovieSceneTracks_structs.hpp(169,20): warning C4099: 'SDK::FProperty': nombre de tipo visto anteriormente usando 'class' ahora se ve usando 'struct'
  (compilando archivo de origen "Main.cpp")
      F:\Jocs\Proyectos\Half-Sword-QOL-Mod\SDK\Basic.hpp(1065,7):
      vea la declaración de 'SDK::FProperty'
  
F:\Jocs\Proyectos\Half-Sword-QOL-Mod\SDK\GeometryFramework_structs.hpp(25,2): warning C4309: 'inicializando': truncamiento de valor constante
  (compilando archivo de origen "Main.cpp")
  
F:\Jocs\Proyectos\Half-Sword-QOL-Mod\SDK\GeometryFramework_structs.hpp(25,2): warning C4369: 'SDK::EDynamicMeshComponentTangentsMode::EDynamicMeshComponentTangentsMode_MAX':  el valor del enumerador '256' no se puede representar como 'unsigned char'; el valor es '256'
  (compilando archivo de origen "Main.cpp")
  
F:\Jocs\Proyectos\Half-Sword-QOL-Mod\SDK\ControlRig_structs.hpp(43,2): warning C4309: 'inicializando': truncamiento de valor constante
  (compilando archivo de origen "Main.cpp")
  
F:\Jocs\Proyectos\Half-Sword-QOL-Mod\SDK\ControlRig_structs.hpp(43,2): warning C4369: 'SDK::ERigElementType::ERigElementType_MAX':  el valor del enumerador '256' no se puede representar como 'unsigned char'; el valor es '256'
  (compilando archivo de origen "Main.cpp")
  
F:\Jocs\Proyectos\Half-Sword-QOL-Mod\SDK\VariantManagerContent_classes.hpp(106,27): warning C4099: 'SDK::FProperty': nombre de tipo visto anteriormente usando 'class' ahora se ve usando 'struct'
  (compilando archivo de origen "Main.cpp")
      F:\Jocs\Proyectos\Half-Sword-QOL-Mod\SDK\Basic.hpp(1065,7):
      vea la declaración de 'SDK::FProperty'
  
F:\Jocs\Proyectos\Half-Sword-QOL-Mod\SDK\Niagara_structs.hpp(797,2): warning C4309: 'inicializando': truncamiento de valor constante
  (compilando archivo de origen "Main.cpp")
  
F:\Jocs\Proyectos\Half-Sword-QOL-Mod\SDK\Niagara_structs.hpp(797,2): warning C4369: 'SDK::ENDISkeletalMesh_SkinningMode::ENDISkeletalMesh_MAX':  el valor del enumerador '256' no se puede representar como 'unsigned char'; el valor es '256'
  (compilando archivo de origen "Main.cpp")
  
F:\Jocs\Proyectos\Half-Sword-QOL-Mod\SDK\Engine_parameters.hpp(53814,20): warning C4099: 'SDK::FField': nombre de tipo visto anteriormente usando 'class' ahora se ve usando 'struct'
  (compilando archivo de origen "Main.cpp")
      F:\Jocs\Proyectos\Half-Sword-QOL-Mod\SDK\Basic.hpp(1044,7):
      vea la declaración de 'SDK::FField'
  
F:\Jocs\Proyectos\Half-Sword-QOL-Mod\Main.cpp(249,52): warning C4244: '=': conversión de 'double' a 'float'; posible pérdida de datos
