c:\users\gatus\source\repos\proyect_hs\proyect_hs\x64\debug\vc143.pdb
c:\users\gatus\source\repos\proyect_hs\proyect_hs\x64\debug\vc143.idb
c:\users\gatus\source\repos\proyect_hs\proyect_hs\x64\debug\willie_bp_functions.obj
c:\users\gatus\source\repos\proyect_hs\proyect_hs\x64\debug\engine_functions.obj
c:\users\gatus\source\repos\proyect_hs\proyect_hs\x64\debug\engineusersettings_functions.obj
c:\users\gatus\source\repos\proyect_hs\proyect_hs\x64\debug\enginesettings_functions.obj
c:\users\gatus\source\repos\proyect_hs\proyect_hs\x64\debug\coreuobject_functions.obj
c:\users\gatus\source\repos\proyect_hs\proyect_hs\x64\debug\basic.obj
c:\users\gatus\source\repos\proyect_hs\proyect_hs\x64\debug\main.obj
c:\users\gatus\source\repos\proyect_hs\x64\debug\proyect_hs.dll
c:\users\gatus\source\repos\proyect_hs\x64\debug\proyect_hs.pdb
c:\users\gatus\source\repos\proyect_hs\proyect_hs\x64\debug\proyect_hs.ilk
c:\users\gatus\source\repos\proyect_hs\proyect_hs\x64\debug\proyect_hs.tlog\cl.command.1.tlog
c:\users\gatus\source\repos\proyect_hs\proyect_hs\x64\debug\proyect_hs.tlog\cl.items.tlog
c:\users\gatus\source\repos\proyect_hs\proyect_hs\x64\debug\proyect_hs.tlog\cl.read.1.tlog
c:\users\gatus\source\repos\proyect_hs\proyect_hs\x64\debug\proyect_hs.tlog\cl.write.1.tlog
c:\users\gatus\source\repos\proyect_hs\proyect_hs\x64\debug\proyect_hs.tlog\link.command.1.tlog
c:\users\gatus\source\repos\proyect_hs\proyect_hs\x64\debug\proyect_hs.tlog\link.read.1.tlog
c:\users\gatus\source\repos\proyect_hs\proyect_hs\x64\debug\proyect_hs.tlog\link.secondary.1.tlog
c:\users\gatus\source\repos\proyect_hs\proyect_hs\x64\debug\proyect_hs.tlog\link.write.1.tlog
